{"Name":"WorkerQueueManagement","HostName":"CCASERGIOCP","ApiKey":"N/A","Uri":"N/A","ResponseCode":0,"ResponseTime":393,"Ip":null,"Level":10,"Message":"Iniciando servicio de consola Worker","DateTime":"2023-03-09 02:54:56","Version":"v1"}
{"Name":"WorkerQueueManagement","HostName":"CCASERGIOCP","ApiKey":"N/A","Uri":"N/A","ResponseCode":0,"ResponseTime":71,"Ip":null,"Level":10,"Message":"Iniciando servicio de consola Worker","DateTime":"2023-03-09 03:17:22","Version":"v1"}
{"Name":"WorkerQueueManagement","HostName":"CCASERGIOCP","ApiKey":"N/A","Uri":"N/A","ResponseCode":0,"ResponseTime":148,"Ip":null,"Level":10,"Message":"Iniciando servicio de consola Worker","DateTime":"2023-03-09 03:20:01","Version":"v1"}
{"Name":"WorkerQueueManagement","HostName":"CCASERGIOCP","ApiKey":"N/A","Uri":"N/A","ResponseCode":201,"ResponseTime":454,"Ip":null,"Level":20,"Message":"Se registro la solicitud con el numero de expediente 0","DateTime":"2023-03-09 03:20:20","Version":"v1"}
{"Name":"WorkerQueueManagement","HostName":"CCASERGIOCP","ApiKey":"N/A","Uri":"N/A","ResponseCode":201,"ResponseTime":470,"Ip":null,"Level":20,"Message":"Se registro la solicitud con el numero de expediente EXP-20230008","DateTime":"2023-03-09 03:22:59","Version":"v1"}
{"Name":"WorkerQueueManagement","HostName":"CCASERGIOCP","ApiKey":"N/A","Uri":"N/A","ResponseCode":201,"ResponseTime":83,"Ip":null,"Level":20,"Message":"Se registro la solicitud con el numero de expediente EXP-20230009","DateTime":"2023-03-09 03:23:54","Version":"v1"}
{"Name":"WorkerQueueManagement","HostName":"CCASERGIOCP","ApiKey":"N/A","Uri":"N/A","ResponseCode":0,"ResponseTime":414,"Ip":null,"Level":10,"Message":"Iniciando servicio de consola Worker","DateTime":"2023-03-09 05:24:04","Version":"v1"}
{"Name":"WorkerQueueManagement","HostName":"CCASERGIOCP","ApiKey":"N/A","Uri":"N/A","ResponseCode":201,"ResponseTime":728,"Ip":null,"Level":20,"Message":"Se registro la solicitud con el numero de expediente EXP-20230010","DateTime":"2023-03-09 05:24:32","Version":"v1"}
{"Name":"WorkerQueueManagement","HostName":"CCASERGIOCP","ApiKey":"N/A","Uri":"N/A","ResponseCode":0,"ResponseTime":493,"Ip":null,"Level":10,"Message":"Iniciando servicio de consola Worker","DateTime":"2023-04-18 04:50:25","Version":"v1"}
{"Name":"WorkerQueueManagement","HostName":"CCASERGIOCP","ApiKey":"N/A","Uri":"N/A","ResponseCode":0,"ResponseTime":608,"Ip":null,"Level":10,"Message":"Iniciando servicio de consola Worker","DateTime":"2023-06-22 07:05:25","Version":"v1"}
{"Name":"WorkerQueueManagement","HostName":"CCASERGIOCP","ApiKey":"N/A","Uri":"N/A","ResponseCode":201,"ResponseTime":41,"Ip":null,"Level":20,"Message":"Se registro la solicitud con el numero de expediente EXP-20230011","DateTime":"2023-06-22 07:05:28","Version":"v1"}
{"Name":"WorkerQueueManagement","HostName":"CCASERGIOCP","ApiKey":"N/A","Uri":"N/A","ResponseCode":201,"ResponseTime":824,"Ip":null,"Level":20,"Message":"Se registro la solicitud con el numero de expediente EXP-20230012","DateTime":"2023-06-22 07:07:29","Version":"v1"}
{"Name":"WorkerQueueManagement","HostName":"CCASERGIOCP","ApiKey":"N/A","Uri":"N/A","ResponseCode":0,"ResponseTime":83,"Ip":null,"Level":10,"Message":"Iniciando servicio de consola Worker","DateTime":"2023-06-27 06:11:33","Version":"v1"}
{"Name":"WorkerQueueManagement","HostName":"CCASERGIOCP","ApiKey":"N/A","Uri":"N/A","ResponseCode":0,"ResponseTime":451,"Ip":null,"Level":10,"Message":"Iniciando servicio de consola Worker","DateTime":"2023-06-27 06:22:47","Version":"v1"}
{"Name":"WorkerQueueManagement","HostName":"CCASERGIOCP","ApiKey":"N/A","Uri":"N/A","ResponseCode":0,"ResponseTime":612,"Ip":null,"Level":10,"Message":"Iniciando servicio de consola Worker","DateTime":"2023-06-27 06:23:22","Version":"v1"}
{"Name":"WorkerQueueManagement","HostName":"CCASERGIOCP","ApiKey":"N/A","Uri":"N/A","ResponseCode":0,"ResponseTime":287,"Ip":null,"Level":10,"Message":"Iniciando servicio de consola Worker","DateTime":"2023-06-27 06:24:57","Version":"v1"}
{"Name":"WorkerQueueManagement","HostName":"CCASERGIOCP","ApiKey":"N/A","Uri":"N/A","ResponseCode":0,"ResponseTime":752,"Ip":null,"Level":10,"Message":"Iniciando servicio de consola Worker","DateTime":"2023-06-27 06:37:15","Version":"v1"}
{"Name":"WorkerQueueManagement","HostName":"CCASERGIOCP","ApiKey":"N/A","Uri":"N/A","ResponseCode":0,"ResponseTime":186,"Ip":null,"Level":10,"Message":"Iniciando servicio de consola Worker","DateTime":"2023-06-27 06:52:19","Version":"v1"}
{"Name":"WorkerQueueManagement","HostName":"CCASERGIOCP","ApiKey":"N/A","Uri":"N/A","ResponseCode":0,"ResponseTime":883,"Ip":null,"Level":10,"Message":"Iniciando servicio de consola Worker","DateTime":"2023-06-27 06:55:25","Version":"v1"}
{"Name":"WorkerQueueManagement","HostName":"CCASERGIOCP","ApiKey":"N/A","Uri":"N/A","ResponseCode":0,"ResponseTime":358,"Ip":null,"Level":10,"Message":"Iniciando servicio de consola Worker","DateTime":"2023-06-27 06:59:17","Version":"v1"}
{"Name":"WorkerQueueManagement","HostName":"CCASERGIOCP","ApiKey":"N/A","Uri":"N/A","ResponseCode":0,"ResponseTime":74,"Ip":null,"Level":10,"Message":"Iniciando servicio de consola Worker","DateTime":"2023-06-27 07:02:16","Version":"v1"}
{"Name":"WorkerQueueManagement","HostName":"CCASERGIOCP","ApiKey":"N/A","Uri":"N/A","ResponseCode":201,"ResponseTime":173,"Ip":null,"Level":20,"Message":"Se registro la solicitud con el n\u00FAmero de carne 20230002","DateTime":"2023-06-27 07:04:06","Version":"v1"}
{"Name":"WorkerQueueManagement","HostName":"CCASERGIOCP","ApiKey":"N/A","Uri":"N/A","ResponseCode":0,"ResponseTime":249,"Ip":null,"Level":10,"Message":"Iniciando servicio de consola Worker","DateTime":"2023-06-27 08:34:31","Version":"v1"}
{"Name":"WorkerQueueManagement","HostName":"CCASERGIOCP","ApiKey":"N/A","Uri":"N/A","ResponseCode":201,"ResponseTime":456,"Ip":null,"Level":20,"Message":"Se registro la solicitud con el numero de expediente EXP-20230013","DateTime":"2023-06-27 08:40:01","Version":"v1"}
{"Name":"WorkerQueueManagement","HostName":"CCASERGIOCP","ApiKey":"N/A","Uri":"N/A","ResponseCode":201,"ResponseTime":252,"Ip":null,"Level":20,"Message":"Se registro la solicitud con el n\u00FAmero de carne 20230003","DateTime":"2023-06-27 08:40:36","Version":"v1"}
{"Name":"WorkerQueueManagement","HostName":"CCASERGIOCP","ApiKey":"N/A","Uri":"N/A","ResponseCode":0,"ResponseTime":318,"Ip":null,"Level":10,"Message":"Iniciando servicio de consola Worker","DateTime":"2023-07-04 05:26:22","Version":"v1"}
{"Name":"WorkerQueueManagement","HostName":"CCASERGIOCP","ApiKey":"N/A","Uri":"N/A","ResponseCode":0,"ResponseTime":438,"Ip":null,"Level":10,"Message":"Iniciando servicio de consola Worker","DateTime":"2023-07-04 05:33:15","Version":"v1"}
{"Name":"WorkerQueueManagement","HostName":"CCASERGIOCP","ApiKey":"N/A","Uri":"N/A","ResponseCode":0,"ResponseTime":785,"Ip":null,"Level":10,"Message":"Iniciando servicio de consola Worker","DateTime":"2023-07-05 10:23:05","Version":"v1"}
{"Name":"WorkerQueueManagement","HostName":"CCASERGIOCP","ApiKey":"N/A","Uri":"N/A","ResponseCode":0,"ResponseTime":917,"Ip":null,"Level":10,"Message":"Iniciando servicio de consola Worker","DateTime":"2023-07-06 05:19:33","Version":"v1"}
{"Name":"WorkerQueueManagement","HostName":"CCASERGIOCP","ApiKey":"N/A","Uri":"N/A","ResponseCode":0,"ResponseTime":962,"Ip":null,"Level":10,"Message":"Iniciando servicio de consola Worker","DateTime":"2023-07-06 10:46:34","Version":"v1"}
{"Name":"WorkerQueueManagement","HostName":"CCASERGIOCP","ApiKey":"N/A","Uri":"N/A","ResponseCode":0,"ResponseTime":370,"Ip":null,"Level":10,"Message":"Iniciando servicio de consola Worker","DateTime":"2023-07-06 11:05:08","Version":"v1"}
{"Name":"WorkerQueueManagement","HostName":"CCASERGIOCP","ApiKey":"N/A","Uri":"N/A","ResponseCode":0,"ResponseTime":295,"Ip":null,"Level":10,"Message":"Iniciando servicio de consola Worker","DateTime":"2023-07-11 02:40:01","Version":"v1"}
{"Name":"WorkerQueueManagement","HostName":"CCASERGIOCP","ApiKey":"N/A","Uri":"N/A","ResponseCode":0,"ResponseTime":502,"Ip":null,"Level":10,"Message":"Iniciando servicio de consola Worker","DateTime":"2023-07-13 03:01:14","Version":"v1"}
{"Name":"WorkerQueueManagement","HostName":"CCASERGIOCP","ApiKey":"N/A","Uri":"N/A","ResponseCode":0,"ResponseTime":69,"Ip":null,"Level":10,"Message":"Iniciando servicio de consola Worker","DateTime":"2023-07-18 06:05:35","Version":"v1"}
{"Name":"WorkerQueueManagement","HostName":"CCASERGIOCP","ApiKey":"N/A","Uri":"N/A","ResponseCode":201,"ResponseTime":248,"Ip":null,"Level":20,"Message":"Se registro la solicitud con el n\u00FAmero de carne 20230004","DateTime":"2023-07-18 06:31:35","Version":"v1"}
{"Name":"WorkerQueueManagement","HostName":"LAPTOP-7MGLV7C1","ApiKey":"N/A","Uri":"N/A","ResponseCode":0,"ResponseTime":351,"Ip":null,"Level":10,"Message":"Iniciando servicio de consola Worker","DateTime":"2023-08-11 11:30:14","Version":"v1"}
{"Name":"WorkerQueueManagement","HostName":"LAPTOP-7MGLV7C1","ApiKey":"N/A","Uri":"N/A","ResponseCode":0,"ResponseTime":31,"Ip":null,"Level":10,"Message":"Iniciando servicio de consola Worker","DateTime":"2023-08-11 11:36:57","Version":"v1"}
{"Name":"WorkerQueueManagement","HostName":"LAPTOP-7MGLV7C1","ApiKey":"N/A","Uri":"N/A","ResponseCode":0,"ResponseTime":6,"Ip":null,"Level":10,"Message":"Iniciando servicio de consola Worker","DateTime":"2023-08-11 11:41:10","Version":"v1"}
{"Name":"WorkerQueueManagement","HostName":"LAPTOP-7MGLV7C1","ApiKey":"N/A","Uri":"N/A","ResponseCode":0,"ResponseTime":450,"Ip":null,"Level":10,"Message":"Iniciando servicio de consola Worker","DateTime":"2023-08-11 11:41:38","Version":"v1"}
{"Name":"WorkerQueueManagement","HostName":"LAPTOP-7MGLV7C1","ApiKey":"N/A","Uri":"N/A","ResponseCode":0,"ResponseTime":427,"Ip":null,"Level":10,"Message":"Iniciando servicio de consola Worker","DateTime":"2023-08-11 03:23:28","Version":"v1"}
{"Name":"WorkerQueueManagement","HostName":"LAPTOP-7MGLV7C1","ApiKey":"N/A","Uri":"N/A","ResponseCode":0,"ResponseTime":138,"Ip":null,"Level":10,"Message":"Iniciando servicio de consola Worker","DateTime":"2023-08-11 03:23:41","Version":"v1"}
{"Name":"WorkerQueueManagement","HostName":"LAPTOP-7MGLV7C1","ApiKey":"N/A","Uri":"N/A","ResponseCode":0,"ResponseTime":239,"Ip":null,"Level":10,"Message":"Iniciando servicio de consola Worker","DateTime":"2023-08-11 04:18:48","Version":"v1"}
{"Name":"WorkerQueueManagement","HostName":"LAPTOP-7MGLV7C1","ApiKey":"N/A","Uri":"N/A","ResponseCode":0,"ResponseTime":281,"Ip":null,"Level":10,"Message":"Iniciando servicio de consola Worker","DateTime":"2023-08-11 04:32:06","Version":"v1"}
{"Name":"WorkerQueueManagement","HostName":"LAPTOP-7MGLV7C1","ApiKey":"N/A","Uri":"N/A","ResponseCode":0,"ResponseTime":235,"Ip":null,"Level":10,"Message":"Iniciando servicio de consola Worker","DateTime":"2023-08-11 04:55:16","Version":"v1"}
{"Name":"WorkerQueueManagement","HostName":"LAPTOP-7MGLV7C1","ApiKey":"N/A","Uri":"N/A","ResponseCode":0,"ResponseTime":905,"Ip":null,"Level":10,"Message":"Iniciando servicio de consola Worker","DateTime":"2023-08-11 05:26:43","Version":"v1"}
{"Name":"WorkerQueueManagement","HostName":"LAPTOP-7MGLV7C1","ApiKey":"N/A","Uri":"N/A","ResponseCode":0,"ResponseTime":235,"Ip":null,"Level":10,"Message":"Iniciando servicio de consola Worker","DateTime":"2023-08-12 08:46:34","Version":"v1"}
{"Name":"WorkerQueueManagement","HostName":"LAPTOP-7MGLV7C1","ApiKey":"N/A","Uri":"N/A","ResponseCode":0,"ResponseTime":504,"Ip":null,"Level":10,"Message":"Iniciando servicio de consola Worker","DateTime":"2023-08-12 09:39:31","Version":"v1"}
{"Name":"WorkerQueueManagement","HostName":"LAPTOP-7MGLV7C1","ApiKey":"N/A","Uri":"N/A","ResponseCode":0,"ResponseTime":586,"Ip":null,"Level":10,"Message":"Iniciando servicio de consola Worker","DateTime":"2023-08-12 09:44:47","Version":"v1"}
{"Name":"WorkerQueueManagement","HostName":"LAPTOP-7MGLV7C1","ApiKey":"N/A","Uri":"N/A","ResponseCode":0,"ResponseTime":64,"Ip":null,"Level":10,"Message":"Iniciando servicio de consola Worker","DateTime":"2023-08-12 09:45:27","Version":"v1"}
{"Name":"WorkerQueueManagement","HostName":"LAPTOP-7MGLV7C1","ApiKey":"N/A","Uri":"N/A","ResponseCode":0,"ResponseTime":117,"Ip":null,"Level":10,"Message":"Iniciando servicio de consola Worker","DateTime":"2023-08-12 09:48:26","Version":"v1"}
{"Name":"WorkerQueueManagement","HostName":"LAPTOP-7MGLV7C1","ApiKey":"N/A","Uri":"N/A","ResponseCode":0,"ResponseTime":225,"Ip":null,"Level":10,"Message":"Iniciando servicio de consola Worker","DateTime":"2023-08-12 10:08:57","Version":"v1"}
{"Name":"WorkerQueueManagement","HostName":"LAPTOP-7MGLV7C1","ApiKey":"N/A","Uri":"N/A","ResponseCode":0,"ResponseTime":373,"Ip":null,"Level":10,"Message":"Iniciando servicio de consola Worker","DateTime":"2023-08-12 10:20:12","Version":"v1"}
{"Name":"WorkerQueueManagement","HostName":"LAPTOP-7MGLV7C1","ApiKey":"N/A","Uri":"N/A","ResponseCode":0,"ResponseTime":808,"Ip":null,"Level":10,"Message":"Iniciando servicio de consola Worker","DateTime":"2023-08-12 10:21:16","Version":"v1"}
{"Name":"WorkerQueueManagement","HostName":"LAPTOP-7MGLV7C1","ApiKey":"N/A","Uri":"N/A","ResponseCode":0,"ResponseTime":852,"Ip":null,"Level":10,"Message":"Iniciando servicio de consola Worker","DateTime":"2023-08-12 10:23:39","Version":"v1"}
{"Name":"WorkerQueueManagement","HostName":"LAPTOP-7MGLV7C1","ApiKey":"N/A","Uri":"N/A","ResponseCode":0,"ResponseTime":610,"Ip":null,"Level":10,"Message":"Iniciando servicio de consola Worker","DateTime":"2023-08-12 10:37:04","Version":"v1"}
{"Name":"WorkerQueueManagement","HostName":"LAPTOP-7MGLV7C1","ApiKey":"N/A","Uri":"N/A","ResponseCode":0,"ResponseTime":363,"Ip":null,"Level":10,"Message":"Iniciando servicio de consola Worker","DateTime":"2023-08-13 06:28:22","Version":"v1"}
{"Name":"WorkerQueueManagement","HostName":"LAPTOP-7MGLV7C1","ApiKey":"N/A","Uri":"N/A","ResponseCode":0,"ResponseTime":772,"Ip":null,"Level":10,"Message":"Iniciando servicio de consola Worker","DateTime":"2023-08-13 06:31:50","Version":"v1"}
{"Name":"WorkerQueueManagement","HostName":"LAPTOP-7MGLV7C1","ApiKey":"N/A","Uri":"N/A","ResponseCode":0,"ResponseTime":737,"Ip":null,"Level":10,"Message":"Iniciando servicio de consola Worker","DateTime":"2023-08-13 06:38:36","Version":"v1"}
{"Name":"WorkerQueueManagement","HostName":"LAPTOP-7MGLV7C1","ApiKey":"N/A","Uri":"N/A","ResponseCode":0,"ResponseTime":891,"Ip":null,"Level":10,"Message":"Iniciando servicio de consola Worker","DateTime":"2023-08-13 06:41:10","Version":"v1"}
{"Name":"WorkerQueueManagement","HostName":"LAPTOP-7MGLV7C1","ApiKey":"N/A","Uri":"N/A","ResponseCode":0,"ResponseTime":651,"Ip":null,"Level":10,"Message":"Iniciando servicio de consola Worker","DateTime":"2023-08-13 06:56:02","Version":"v1"}
{"Name":"WorkerQueueManagement","HostName":"LAPTOP-7MGLV7C1","ApiKey":"N/A","Uri":"N/A","ResponseCode":0,"ResponseTime":433,"Ip":null,"Level":10,"Message":"Iniciando servicio de consola Worker","DateTime":"2023-08-14 10:15:57","Version":"v1"}
{"Name":"WorkerQueueManagement","HostName":"LAPTOP-7MGLV7C1","ApiKey":"N/A","Uri":"N/A","ResponseCode":0,"ResponseTime":173,"Ip":null,"Level":10,"Message":"Iniciando servicio de consola Worker","DateTime":"2023-08-14 10:38:12","Version":"v1"}
{"Name":"WorkerQueueManagement","HostName":"LAPTOP-7MGLV7C1","ApiKey":"N/A","Uri":"N/A","ResponseCode":0,"ResponseTime":649,"Ip":null,"Level":10,"Message":"Iniciando servicio de consola Worker","DateTime":"2023-08-14 10:41:38","Version":"v1"}
{"Name":"WorkerQueueManagement","HostName":"LAPTOP-7MGLV7C1","ApiKey":"N/A","Uri":"N/A","ResponseCode":0,"ResponseTime":867,"Ip":null,"Level":10,"Message":"Iniciando servicio de consola Worker","DateTime":"2023-08-14 10:44:15","Version":"v1"}
{"Name":"WorkerQueueManagement","HostName":"LAPTOP-7MGLV7C1","ApiKey":"N/A","Uri":"N/A","ResponseCode":0,"ResponseTime":267,"Ip":null,"Level":10,"Message":"Iniciando servicio de consola Worker","DateTime":"2023-08-14 11:09:41","Version":"v1"}
{"Name":"WorkerQueueManagement","HostName":"LAPTOP-7MGLV7C1","ApiKey":"N/A","Uri":"N/A","ResponseCode":0,"ResponseTime":493,"Ip":null,"Level":10,"Message":"Iniciando servicio de consola Worker","DateTime":"2023-08-14 11:34:55","Version":"v1"}
{"Name":"WorkerQueueManagement","HostName":"LAPTOP-7MGLV7C1","ApiKey":"N/A","Uri":"N/A","ResponseCode":0,"ResponseTime":622,"Ip":null,"Level":10,"Message":"Iniciando servicio de consola Worker","DateTime":"2023-08-16 04:27:34","Version":"v1"}
{"Name":"WorkerQueueManagement","HostName":"LAPTOP-7MGLV7C1","ApiKey":"N/A","Uri":"N/A","ResponseCode":0,"ResponseTime":698,"Ip":null,"Level":10,"Message":"Iniciando servicio de consola Worker","DateTime":"2023-08-16 04:36:36","Version":"v1"}
